<?xml version="1.0" encoding="UTF-8"?>
<testng-results ignored="0" total="2" passed="2" failed="0" skipped="0">
  <reporter-output>
  </reporter-output>
  <suite started-at="2025-10-17T10:08:04 IST" name="Default suite" finished-at="2025-10-17T10:09:11 IST" duration-ms="66684">
    <groups>
    </groups>
    <test started-at="2025-10-17T10:08:04 IST" name="Default test" finished-at="2025-10-17T10:09:11 IST" duration-ms="66684">
      <class name="Pac1.Lab9_Test">
        <test-method is-config="true" signature="setUp()[pri:0, instance:Pac1.Lab9_Test@7690781]" started-at="2025-10-17T10:08:04 IST" name="setUp" finished-at="2025-10-17T10:08:09 IST" duration-ms="5322" status="PASS">
          <reporter-output>
          </reporter-output>
        </test-method> <!-- setUp -->
        <test-method signature="testOnEdge()[pri:1, instance:Pac1.Lab9_Test@7690781]" started-at="2025-10-17T10:08:09 IST" name="testOnEdge" finished-at="2025-10-17T10:08:37 IST" duration-ms="27821" status="PASS">
          <reporter-output>
          </reporter-output>
        </test-method> <!-- testOnEdge -->
        <test-method signature="testOnChrome()[pri:2, instance:Pac1.Lab9_Test@7690781]" started-at="2025-10-17T10:08:37 IST" name="testOnChrome" finished-at="2025-10-17T10:09:04 IST" duration-ms="27220" status="PASS">
          <reporter-output>
          </reporter-output>
        </test-method> <!-- testOnChrome -->
        <test-method is-config="true" signature="tearDown()[pri:0, instance:Pac1.Lab9_Test@7690781]" started-at="2025-10-17T10:09:04 IST" name="tearDown" finished-at="2025-10-17T10:09:11 IST" duration-ms="6266" status="PASS">
          <reporter-output>
          </reporter-output>
        </test-method> <!-- tearDown -->
      </class> <!-- Pac1.Lab9_Test -->
    </test> <!-- Default test -->
  </suite> <!-- Default suite -->
</testng-results>
